Arguments: 
  /Users/zeayal/.nvm/versions/node/v12.15.0/bin/node /Users/zeayal/.nvm/versions/node/v12.15.0/bin/yarn

PATH: 
  /Users/zeayal/.nvm/versions/node/v12.15.0/bin:/usr/local/bin:/usr/bin:/bin:/usr/sbin:/sbin:/Users/zeayal/.nvm/versions/node/v12.15.0/bin

Yarn version: 
  1.22.10

Node version: 
  12.15.0

Platform: 
  darwin x64

Trace: 
  Error: https://registry.yarnpkg.com/@tms%2ffs.js: Not found
      at Request.params.callback [as _callback] (/Users/zeayal/.nvm/versions/node/v12.15.0/lib/node_modules/yarn/lib/cli.js:66988:18)
      at Request.self.callback (/Users/zeayal/.nvm/versions/node/v12.15.0/lib/node_modules/yarn/lib/cli.js:140662:22)
      at Request.emit (events.js:223:5)
      at Request.<anonymous> (/Users/zeayal/.nvm/versions/node/v12.15.0/lib/node_modules/yarn/lib/cli.js:141634:10)
      at Request.emit (events.js:223:5)
      at IncomingMessage.<anonymous> (/Users/zeayal/.nvm/versions/node/v12.15.0/lib/node_modules/yarn/lib/cli.js:141556:12)
      at Object.onceWrapper (events.js:312:28)
      at IncomingMessage.emit (events.js:228:7)
      at endReadableNT (_stream_readable.js:1185:12)
      at processTicksAndRejections (internal/process/task_queues.js:81:21)

npm manifest: 
  {
    "name": "@tms/platform-fs",
    "version": "0.0.1-alpha",
    "description": "fs.js 封装",
    "author": "刘紫阳 <ziyang.liu@mobilemd.cn>",
    "homepage": "https://github.com/zeayal/platform#readme",
    "license": "ISC",
    "main": "lib/index.js",
    "directories": {
      "lib": "lib",
      "test": "__tests__"
    },
    "files": [
      "lib"
    ],
    "repository": {
      "type": "git",
      "url": "git+https://github.com/zeayal/platform.git"
    },
    "scripts": {
      "build": "rollup --config rollup.config.js",
      "test": "echo \"Error: run tests from root\" && exit 1"
    },
    "bugs": {
      "url": "https://github.com/zeayal/platform/issues"
    },
    "dependencies": {
      "@tms/fs.js": "^2.1.1",
      "axios": "^0.21.1",
      "moment": "^2.29.1"
    },
    "devDependencies": {
      "@rollup/plugin-typescript": "^8.2.1",
      "rollup": "^2.46.0",
      "tslib": "^2.2.0",
      "typescript": "^4.2.4"
    }
  }

yarn manifest: 
  No manifest

Lockfile: 
  # THIS IS AN AUTOGENERATED FILE. DO NOT EDIT THIS FILE DIRECTLY.
  # yarn lockfile v1
  
  
  "@rollup/plugin-typescript@^8.2.1":
    version "8.2.1"
    resolved "http://npm.taimei.com:80/@rollup%2fplugin-typescript/-/plugin-typescript-8.2.1.tgz#f1a32d4030cc83432ce36a80a922280f0f0b5d44"
    integrity sha1-8aMtQDDMg0Ms42qAqSIoDw8LXUQ=
    dependencies:
      "@rollup/pluginutils" "^3.1.0"
      resolve "^1.17.0"
  
  "@rollup/pluginutils@^3.1.0":
    version "3.1.0"
    resolved "http://npm.taimei.com:80/@rollup%2fpluginutils/-/pluginutils-3.1.0.tgz#706b4524ee6dc8b103b3c995533e5ad680c02b9b"
    integrity sha1-cGtFJO5tyLEDs8mVUz5a1oDAK5s=
    dependencies:
      "@types/estree" "0.0.39"
      estree-walker "^1.0.1"
      picomatch "^2.2.2"
  
  "@tms/fs.js@^2.1.0":
    version "2.1.0"
    resolved "http://npm.taimei.com:80/@tms%2ffs.js/-/fs.js-2.1.0.tgz#6f3e3d47a434203518053b3a8e8ae1e168b1e574"
    integrity sha512-A8M0pMhLFUpZAfz03qHVTdUJAfnmhg+JTrKeF13rjmQbyg7JSF4bg2Gugg+k4hDRakWF4NTnTlW9pC/g7Sr5eA==
    dependencies:
      "@tms/upload-js-sdk" "^0.1.3"
      color "^3.1.3"
      lodash "^4.17.20"
      qs "^6.9.4"
      rxjs "^6.6.7"
      tslib "2.0.1"
  
  "@tms/upload-js-sdk@^0.1.3":
    version "0.1.3"
    resolved "http://npm.taimei.com:80/@tms%2fupload-js-sdk/-/upload-js-sdk-0.1.3.tgz#dc8e837e434b5842972876de8d1035bba8050a5d"
    integrity sha512-wPB6uJkPcW7AEnq+9TAo66qlxku2OBBvknMl6HKbCM1Y98n2GYB+tGqMaKrwc4wLc2pA8+vaq5GqqyTpT3sixw==
    dependencies:
      invariant "^2.2.4"
      js-md5 "^0.7.3"
      js-sha256 "^0.9.0"
  
  "@types/estree@0.0.39":
    version "0.0.39"
    resolved "http://npm.taimei.com:80/@types%2festree/-/estree-0.0.39.tgz#e177e699ee1b8c22d23174caaa7422644389509f"
    integrity sha1-4Xfmme4bjCLSMXTKqnQiZEOJUJ8=
  
  axios@^0.21.1:
    version "0.21.1"
    resolved "http://npm.taimei.com:80/axios/-/axios-0.21.1.tgz#22563481962f4d6bde9a76d516ef0e5d3c09b2b8"
    integrity sha1-IlY0gZYvTWvemnbVFu8OXTwJsrg=
    dependencies:
      follow-redirects "^1.10.0"
  
  call-bind@^1.0.0:
    version "1.0.2"
    resolved "http://npm.taimei.com:80/call-bind/-/call-bind-1.0.2.tgz#b1d4e89e688119c3c9a903ad30abb2f6a919be3c"
    integrity sha1-sdTonmiBGcPJqQOtMKuy9qkZvjw=
    dependencies:
      function-bind "^1.1.1"
      get-intrinsic "^1.0.2"
  
  color-convert@^1.9.1:
    version "1.9.3"
    resolved "http://npm.taimei.com:80/color-convert/-/color-convert-1.9.3.tgz#bb71850690e1f136567de629d2d5471deda4c1e8"
    integrity sha1-u3GFBpDh8TZWfeYp0tVHHe2kweg=
    dependencies:
      color-name "1.1.3"
  
  color-name@1.1.3:
    version "1.1.3"
    resolved "http://npm.taimei.com:80/color-name/-/color-name-1.1.3.tgz#a7d0558bd89c42f795dd42328f740831ca53bc25"
    integrity sha1-p9BVi9icQveV3UIyj3QIMcpTvCU=
  
  color-name@^1.0.0:
    version "1.1.4"
    resolved "http://npm.taimei.com:80/color-name/-/color-name-1.1.4.tgz#c2a09a87acbde69543de6f63fa3995c826c536a2"
    integrity sha1-wqCah6y95pVD3m9j+jmVyCbFNqI=
  
  color-string@^1.5.4:
    version "1.5.5"
    resolved "http://npm.taimei.com:80/color-string/-/color-string-1.5.5.tgz#65474a8f0e7439625f3d27a6a19d89fc45223014"
    integrity sha1-ZUdKjw50OWJfPSemoZ2J/EUiMBQ=
    dependencies:
      color-name "^1.0.0"
      simple-swizzle "^0.2.2"
  
  color@^3.1.3:
    version "3.1.3"
    resolved "http://npm.taimei.com:80/color/-/color-3.1.3.tgz#ca67fb4e7b97d611dcde39eceed422067d91596e"
    integrity sha1-ymf7TnuX1hHc3jns7tQiBn2RWW4=
    dependencies:
      color-convert "^1.9.1"
      color-string "^1.5.4"
  
  estree-walker@^1.0.1:
    version "1.0.1"
    resolved "http://npm.taimei.com:80/estree-walker/-/estree-walker-1.0.1.tgz#31bc5d612c96b704106b477e6dd5d8aa138cb700"
    integrity sha1-MbxdYSyWtwQQa0d+bdXYqhOMtwA=
  
  follow-redirects@^1.10.0:
    version "1.14.1"
    resolved "http://npm.taimei.com:80/follow-redirects/-/follow-redirects-1.14.1.tgz#d9114ded0a1cfdd334e164e6662ad02bfd91ff43"
    integrity sha1-2RFN7Qoc/dM04WTmZirQK/2R/0M=
  
  fsevents@~2.3.1:
    version "2.3.2"
    resolved "http://npm.taimei.com:80/fsevents/-/fsevents-2.3.2.tgz#8a526f78b8fdf4623b709e0b975c52c24c02fd1a"
    integrity sha1-ilJveLj99GI7cJ4Ll1xSwkwC/Ro=
  
  function-bind@^1.1.1:
    version "1.1.1"
    resolved "http://npm.taimei.com:80/function-bind/-/function-bind-1.1.1.tgz#a56899d3ea3c9bab874bb9773b7c5ede92f4895d"
    integrity sha1-pWiZ0+o8m6uHS7l3O3xe3pL0iV0=
  
  get-intrinsic@^1.0.2:
    version "1.1.1"
    resolved "http://npm.taimei.com:80/get-intrinsic/-/get-intrinsic-1.1.1.tgz#15f59f376f855c446963948f0d24cd3637b4abc6"
    integrity sha1-FfWfN2+FXERpY5SPDSTNNje0q8Y=
    dependencies:
      function-bind "^1.1.1"
      has "^1.0.3"
      has-symbols "^1.0.1"
  
  has-symbols@^1.0.1:
    version "1.0.2"
    resolved "http://npm.taimei.com:80/has-symbols/-/has-symbols-1.0.2.tgz#165d3070c00309752a1236a479331e3ac56f1423"
    integrity sha1-Fl0wcMADCXUqEjakeTMeOsVvFCM=
  
  has@^1.0.3:
    version "1.0.3"
    resolved "http://npm.taimei.com:80/has/-/has-1.0.3.tgz#722d7cbfc1f6aa8241f16dd814e011e1f41e8796"
    integrity sha1-ci18v8H2qoJB8W3YFOAR4fQeh5Y=
    dependencies:
      function-bind "^1.1.1"
  
  invariant@^2.2.4:
    version "2.2.4"
    resolved "http://npm.taimei.com:80/invariant/-/invariant-2.2.4.tgz#610f3c92c9359ce1db616e538008d23ff35158e6"
    integrity sha1-YQ88ksk1nOHbYW5TgAjSP/NRWOY=
    dependencies:
      loose-envify "^1.0.0"
  
  is-arrayish@^0.3.1:
    version "0.3.2"
    resolved "http://npm.taimei.com:80/is-arrayish/-/is-arrayish-0.3.2.tgz#4574a2ae56f7ab206896fb431eaeed066fdf8f03"
    integrity sha1-RXSirlb3qyBolvtDHq7tBm/fjwM=
  
  is-core-module@^2.2.0:
    version "2.4.0"
    resolved "http://npm.taimei.com:80/is-core-module/-/is-core-module-2.4.0.tgz#8e9fc8e15027b011418026e98f0e6f4d86305cc1"
    integrity sha1-jp/I4VAnsBFBgCbpjw5vTYYwXME=
    dependencies:
      has "^1.0.3"
  
  js-md5@^0.7.3:
    version "0.7.3"
    resolved "http://npm.taimei.com:80/js-md5/-/js-md5-0.7.3.tgz#b4f2fbb0b327455f598d6727e38ec272cd09c3f2"
    integrity sha1-tPL7sLMnRV9ZjWcn447Ccs0Jw/I=
  
  js-sha256@^0.9.0:
    version "0.9.0"
    resolved "http://npm.taimei.com:80/js-sha256/-/js-sha256-0.9.0.tgz#0b89ac166583e91ef9123644bd3c5334ce9d0966"
    integrity sha1-C4msFmWD6R75EjZEvTxTNM6dCWY=
  
  "js-tokens@^3.0.0 || ^4.0.0":
    version "4.0.0"
    resolved "http://npm.taimei.com:80/js-tokens/-/js-tokens-4.0.0.tgz#19203fb59991df98e3a287050d4647cdeaf32499"
    integrity sha1-GSA/tZmR35jjoocFDUZHzerzJJk=
  
  lodash@^4.17.20:
    version "4.17.21"
    resolved "http://npm.taimei.com:80/lodash/-/lodash-4.17.21.tgz#679591c564c3bffaae8454cf0b3df370c3d6911c"
    integrity sha1-Z5WRxWTDv/quhFTPCz3zcMPWkRw=
  
  loose-envify@^1.0.0:
    version "1.4.0"
    resolved "http://npm.taimei.com:80/loose-envify/-/loose-envify-1.4.0.tgz#71ee51fa7be4caec1a63839f7e682d8132d30caf"
    integrity sha1-ce5R+nvkyuwaY4OffmgtgTLTDK8=
    dependencies:
      js-tokens "^3.0.0 || ^4.0.0"
  
  moment@^2.29.1:
    version "2.29.1"
    resolved "http://npm.taimei.com:80/moment/-/moment-2.29.1.tgz#b2be769fa31940be9eeea6469c075e35006fa3d3"
    integrity sha1-sr52n6MZQL6e7qZGnAdeNQBvo9M=
  
  object-inspect@^1.9.0:
    version "1.10.3"
    resolved "http://npm.taimei.com:80/object-inspect/-/object-inspect-1.10.3.tgz#c2aa7d2d09f50c99375704f7a0adf24c5782d369"
    integrity sha1-wqp9LQn1DJk3VwT3oK3yTFeC02k=
  
  path-parse@^1.0.6:
    version "1.0.6"
    resolved "http://npm.taimei.com:80/path-parse/-/path-parse-1.0.6.tgz#d62dbb5679405d72c4737ec58600e9ddcf06d24c"
    integrity sha1-1i27VnlAXXLEc37FhgDp3c8G0kw=
  
  picomatch@^2.2.2:
    version "2.2.3"
    resolved "http://npm.taimei.com:80/picomatch/-/picomatch-2.2.3.tgz#465547f359ccc206d3c48e46a1bcb89bf7ee619d"
    integrity sha1-RlVH81nMwgbTxI5Goby4m/fuYZ0=
  
  qs@^6.9.4:
    version "6.10.1"
    resolved "http://npm.taimei.com:80/qs/-/qs-6.10.1.tgz#4931482fa8d647a5aab799c5271d2133b981fb6a"
    integrity sha1-STFIL6jWR6Wqt5nFJx0hM7mB+2o=
    dependencies:
      side-channel "^1.0.4"
  
  resolve@^1.17.0:
    version "1.20.0"
    resolved "http://npm.taimei.com:80/resolve/-/resolve-1.20.0.tgz#629a013fb3f70755d6f0b7935cc1c2c5378b1975"
    integrity sha1-YpoBP7P3B1XW8LeTXMHCxTeLGXU=
    dependencies:
      is-core-module "^2.2.0"
      path-parse "^1.0.6"
  
  rollup@^2.46.0:
    version "2.47.0"
    resolved "http://npm.taimei.com:80/rollup/-/rollup-2.47.0.tgz#9d958aeb2c0f6a383cacc0401dff02b6e252664d"
    integrity sha1-nZWK6ywPajg8rMBAHf8CtuJSZk0=
    optionalDependencies:
      fsevents "~2.3.1"
  
  rxjs@^6.6.7:
    version "6.6.7"
    resolved "http://npm.taimei.com:80/rxjs/-/rxjs-6.6.7.tgz#90ac018acabf491bf65044235d5863c4dab804c9"
    integrity sha1-kKwBisq/SRv2UEQjXVhjxNq4BMk=
    dependencies:
      tslib "^1.9.0"
  
  side-channel@^1.0.4:
    version "1.0.4"
    resolved "http://npm.taimei.com:80/side-channel/-/side-channel-1.0.4.tgz#efce5c8fdc104ee751b25c58d4290011fa5ea2cf"
    integrity sha1-785cj9wQTudRslxY1CkAEfpeos8=
    dependencies:
      call-bind "^1.0.0"
      get-intrinsic "^1.0.2"
      object-inspect "^1.9.0"
  
  simple-swizzle@^0.2.2:
    version "0.2.2"
    resolved "http://npm.taimei.com:80/simple-swizzle/-/simple-swizzle-0.2.2.tgz#a4da6b635ffcccca33f70d17cb92592de95e557a"
    integrity sha1-pNprY1/8zMoz9w0Xy5JZLeleVXo=
    dependencies:
      is-arrayish "^0.3.1"
  
  tslib@2.0.1:
    version "2.0.1"
    resolved "http://npm.taimei.com:80/tslib/-/tslib-2.0.1.tgz#410eb0d113e5b6356490eec749603725b021b43e"
    integrity sha1-QQ6w0RPltjVkkO7HSWA3JbAhtD4=
  
  tslib@^1.9.0:
    version "1.14.1"
    resolved "http://npm.taimei.com:80/tslib/-/tslib-1.14.1.tgz#cf2d38bdc34a134bcaf1091c41f6619e2f672d00"
    integrity sha1-zy04vcNKE0vK8QkcQfZhni9nLQA=
  
  tslib@^2.2.0:
    version "2.2.0"
    resolved "http://npm.taimei.com:80/tslib/-/tslib-2.2.0.tgz#fb2c475977e35e241311ede2693cee1ec6698f5c"
    integrity sha1-+yxHWXfjXiQTEe3iaTzuHsZpj1w=
  
  typescript@^4.2.4:
    version "4.2.4"
    resolved "http://npm.taimei.com:80/typescript/-/typescript-4.2.4.tgz#8610b59747de028fda898a8aef0e103f156d0961"
    integrity sha1-hhC1l0feAo/aiYqK7w4QPxVtCWE=
